Arguments: 
  C:\Program Files\nodejs\node.exe C:\Program Files (x86)\Yarn\bin\yarn.js

PATH: 
  C:\Users\MCYOS\bin;C:\Program Files\Git\mingw64\bin;C:\Program Files\Git\usr\local\bin;C:\Program Files\Git\usr\bin;C:\Program Files\Git\usr\bin;C:\Program Files\Git\mingw64\bin;C:\Program Files\Git\usr\bin;C:\Users\MCYOS\bin;C:\Program Files\Common Files\Oracle\Java\javapath;C:\Python310\Scripts;C:\Python310;C:\Windows\system32;C:\Windows;C:\Windows\System32\Wbem;C:\Windows\System32\WindowsPowerShell\v1.0;C:\Windows\System32\OpenSSH;C:\Program Files\nodejs;E:\xampp\php;C:\Program Files (x86)\Yarn\bin;C:\composer;C:\Program Files\dotnet;C:\ProgramData\chocolatey\bin;C:\Program Files\Go\bin;C:\Program Files (x86)\GnuWin32\bin;C:\Program Files\Git\cmd;C:\Users\MCYOS\.local\share\solana\install\active_release\bin;C:\Users\MCYOS\.cargo\bin;C:\Users\MCYOS\AppData\Local\Programs\Python\Python39\Scripts;C:\Users\MCYOS\AppData\Local\Programs\Python\Python39;C:\Users\MCYOS\AppData\Local\Microsoft\WindowsApps;C:\Users\MCYOS\AppData\Local\Programs\Microsoft VS Code\bin;C:\Users\MCYOS\AppData\Roaming\npm;C:\Users\MCYOS\AppData\Local\Yarn\bin;C:\Users\MCYOS\AppData\Roaming\Composer\vendor\bin;C:\Users\MCYOS\.dotnet\tools;C:\Users\MCYOS\AppData\Local\Programs\EmEditor;C:\Program Files\heroku\bin;E:\xampp\mysql\bin;C:\Program Files\Java\jdk-17.0.1\bin;C:\Users\MCYOS\go\bin;C:\Program Files\Git\usr\bin\vendor_perl;C:\Program Files\Git\usr\bin\core_perl

Yarn version: 
  1.22.5

Node version: 
  14.17.6

Platform: 
  win32 x64

Trace: 
  Error: https://registry.yarnpkg.com/semantic-ui-react/-/semantic-ui-react-0.71.5.tgz: ESOCKETTIMEDOUT
      at ClientRequest.<anonymous> (C:\Program Files (x86)\Yarn\lib\cli.js:141376:19)
      at Object.onceWrapper (events.js:519:28)
      at ClientRequest.emit (events.js:400:28)
      at TLSSocket.emitRequestTimeout (_http_client.js:790:9)
      at Object.onceWrapper (events.js:519:28)
      at TLSSocket.emit (events.js:412:35)
      at TLSSocket.Socket._onTimeout (net.js:484:8)
      at listOnTimeout (internal/timers.js:557:17)
      at processTimers (internal/timers.js:500:7)

npm manifest: 
  {
    "name": "react-box",
    "version": "0.1.0",
    "private": true,
    "devDependencies": {
      "autoprefixer": "6.5.1",
      "babel-core": "6.17.0",
      "babel-eslint": "7.1.1",
      "babel-jest": "17.0.2",
      "babel-loader": "6.2.7",
      "babel-preset-react-app": "^2.0.1",
      "case-sensitive-paths-webpack-plugin": "1.1.4",
      "chalk": "1.1.3",
      "connect-history-api-fallback": "1.3.0",
      "cross-spawn": "4.0.2",
      "css-loader": "0.26.0",
      "detect-port": "1.0.1",
      "dotenv": "2.0.0",
      "eslint": "3.8.1",
      "eslint-config-react-app": "^0.5.0",
      "eslint-loader": "1.6.0",
      "eslint-plugin-flowtype": "2.21.0",
      "eslint-plugin-import": "2.0.1",
      "eslint-plugin-jsx-a11y": "2.2.3",
      "eslint-plugin-react": "6.4.1",
      "extract-text-webpack-plugin": "1.0.1",
      "file-loader": "0.9.0",
      "filesize": "3.3.0",
      "fs-extra": "0.30.0",
      "gzip-size": "3.0.0",
      "html-webpack-plugin": "2.24.0",
      "http-proxy-middleware": "0.17.2",
      "jest": "18.1.0",
      "json-loader": "0.5.4",
      "object-assign": "4.1.0",
      "path-exists": "2.1.0",
      "postcss-loader": "1.0.0",
      "promise": "7.1.1",
      "react-dev-utils": "^0.4.2",
      "recursive-readdir": "2.1.0",
      "strip-ansi": "3.0.1",
      "style-loader": "0.13.1",
      "truffle-contract": "^1.1.8",
      "truffle-solidity-loader": "0.0.8",
      "url-loader": "0.5.7",
      "webpack": "1.14.0",
      "webpack-dev-server": "1.16.2",
      "webpack-manifest-plugin": "1.1.0",
      "whatwg-fetch": "1.0.0"
    },
    "dependencies": {
      "connected-react-router": "^4.2.3",
      "dotenv": "^2.0.0",
      "history": "^4.6.3",
      "react": "^15.4.2",
      "react-dom": "^15.4.2",
      "react-redux": "^5.0.6",
      "react-router-dom": "^4.1.2",
      "react-router-redux": "^4.0.8",
      "redux": "^3.7.2",
      "semantic-ui-css": "^2.2.12",
      "semantic-ui-react": "^0.71.4",
      "worker-loader": "^0.8.1"
    },
    "scripts": {
      "start": "node scripts/start.js",
      "build": "node scripts/build.js",
      "test": "node scripts/test.js --env=jsdom"
    },
    "jest": {
      "collectCoverageFrom": [
        "src/**/*.{js,jsx}"
      ],
      "setupFiles": [
        "<rootDir>/config/polyfills.js"
      ],
      "testMatch": [
        "<rootDir>/src/**/__tests__/**/*.js?(x)",
        "<rootDir>/src/**/?(*.)(spec|test).js?(x)"
      ],
      "testEnvironment": "node",
      "testURL": "http://localhost",
      "transform": {
        "^.+\\.(js|jsx)$": "<rootDir>/node_modules/babel-jest",
        "^.+\\.css$": "<rootDir>/config/jest/cssTransform.js",
        "^(?!.*\\.(js|jsx|css|json)$)": "<rootDir>/config/jest/fileTransform.js"
      },
      "transformIgnorePatterns": [
        "[/\\\\]node_modules[/\\\\].+\\.(js|jsx)$"
      ],
      "moduleNameMapper": {
        "^react-native$": "react-native-web"
      },
      "moduleFileExtensions": [
        "web.js",
        "js",
        "json",
        "web.jsx",
        "jsx"
      ]
    },
    "babel": {
      "presets": [
        "react-app"
      ]
    },
    "eslintConfig": {
      "extends": "react-app"
    }
  }

yarn manifest: 
  No manifest

Lockfile: 
  No lockfile
